2018.08.01 13:34:37 INFO  ce[AWT3Mw3vi_1oMLckz3Nr][o.s.c.t.CeWorkerImpl] Execute task | project=org.apache.tika:tika | type=REPORT | id=AWT3Mw3vi_1oMLckz3Nr
2018.08.01 13:34:41 INFO  ce[AWT3Mw3vi_1oMLckz3Nr][o.s.c.t.CeWorkerImpl] Executed task | project=org.apache.tika:tika | type=REPORT | id=AWT3Mw3vi_1oMLckz3Nr | time=4477ms
2018.08.01 13:38:18 INFO  ce[AWT3Nm6Hi_1oMLckz3Ny][o.s.c.t.CeWorkerImpl] Execute task | project=org.apache.tika:tika | type=REPORT | id=AWT3Nm6Hi_1oMLckz3Ny
2018.08.01 13:38:20 INFO  ce[AWT3Nm6Hi_1oMLckz3Ny][o.s.c.t.CeWorkerImpl] Executed task | project=org.apache.tika:tika | type=REPORT | id=AWT3Nm6Hi_1oMLckz3Ny | time=1883ms
2018.08.01 13:50:09 INFO  ce[AWT3QUf6i_1oMLckz3N5][o.s.c.t.CeWorkerImpl] Execute task | project=org.apache.tika:tika | type=REPORT | id=AWT3QUf6i_1oMLckz3N5
2018.08.01 13:50:12 INFO  ce[AWT3QUf6i_1oMLckz3N5][o.s.c.t.CeWorkerImpl] Executed task | project=org.apache.tika:tika | type=REPORT | id=AWT3QUf6i_1oMLckz3N5 | time=3135ms
2018.08.01 14:22:56 INFO  ce[AWT3X0-ji_1oMLckz3OA][o.s.c.t.CeWorkerImpl] Execute task | project=org.apache.tika:tika | type=REPORT | id=AWT3X0-ji_1oMLckz3OA
2018.08.01 14:22:59 INFO  ce[AWT3X0-ji_1oMLckz3OA][o.s.c.t.CeWorkerImpl] Executed task | project=org.apache.tika:tika | type=REPORT | id=AWT3X0-ji_1oMLckz3OA | time=3352ms
2018.08.01 14:25:06 INFO  ce[AWT3YUsri_1oMLckz3OH][o.s.c.t.CeWorkerImpl] Execute task | project=org.apache.tika:tika | type=REPORT | id=AWT3YUsri_1oMLckz3OH
2018.08.01 14:25:09 INFO  ce[AWT3YUsri_1oMLckz3OH][o.s.c.t.CeWorkerImpl] Executed task | project=org.apache.tika:tika | type=REPORT | id=AWT3YUsri_1oMLckz3OH | time=3292ms
2018.08.01 14:26:39 INFO  ce[AWT3YrE-i_1oMLckz3OO][o.s.c.t.CeWorkerImpl] Execute task | project=org.apache.tika:tika | type=REPORT | id=AWT3YrE-i_1oMLckz3OO
2018.08.01 14:26:42 INFO  ce[AWT3YrE-i_1oMLckz3OO][o.s.c.t.CeWorkerImpl] Executed task | project=org.apache.tika:tika | type=REPORT | id=AWT3YrE-i_1oMLckz3OO | time=2553ms
2018.08.01 14:28:04 INFO  ce[AWT3ZAGIi_1oMLckz3OV][o.s.c.t.CeWorkerImpl] Execute task | project=org.apache.tika:tika | type=REPORT | id=AWT3ZAGIi_1oMLckz3OV
2018.08.01 14:28:06 INFO  ce[AWT3ZAGIi_1oMLckz3OV][o.s.c.t.CeWorkerImpl] Executed task | project=org.apache.tika:tika | type=REPORT | id=AWT3ZAGIi_1oMLckz3OV | time=2678ms
2018.08.01 14:30:17 INFO  ce[AWT3ZgOPi_1oMLckz3Oc][o.s.c.t.CeWorkerImpl] Execute task | project=org.apache.tika:tika | type=REPORT | id=AWT3ZgOPi_1oMLckz3Oc
2018.08.01 14:30:20 INFO  ce[AWT3ZgOPi_1oMLckz3Oc][o.s.c.t.CeWorkerImpl] Executed task | project=org.apache.tika:tika | type=REPORT | id=AWT3ZgOPi_1oMLckz3Oc | time=2689ms
2018.08.01 14:33:44 INFO  ce[AWT3aTO7i_1oMLckz3Oj][o.s.c.t.CeWorkerImpl] Execute task | project=org.apache.tika:tika-reactor | type=REPORT | id=AWT3aTO7i_1oMLckz3Oj
2018.08.01 14:33:50 INFO  ce[AWT3aTO7i_1oMLckz3Oj][o.s.c.t.CeWorkerImpl] Executed task | project=org.apache.tika:tika-reactor | type=REPORT | id=AWT3aTO7i_1oMLckz3Oj | time=5462ms
2018.08.01 14:36:42 INFO  ce[AWT3a-bhi_1oMLckz3Oq][o.s.c.t.CeWorkerImpl] Execute task | project=org.apache.tika:tika | type=REPORT | id=AWT3a-bhi_1oMLckz3Oq
2018.08.01 14:36:53 INFO  ce[AWT3a-bhi_1oMLckz3Oq][o.s.c.t.CeWorkerImpl] Executed task | project=org.apache.tika:tika | type=REPORT | id=AWT3a-bhi_1oMLckz3Oq | time=10646ms
