2018.07.25 13:05:18 INFO  ce[][o.s.p.ProcessEntryPoint] Starting ce
2018.07.25 13:05:18 INFO  ce[][o.s.ce.app.CeServer] Compute Engine starting up...
2018.07.25 13:05:19 INFO  ce[][o.e.p.PluginsService] no modules loaded
2018.07.25 13:05:19 INFO  ce[][o.e.p.PluginsService] loaded plugin [org.elasticsearch.index.reindex.ReindexPlugin]
2018.07.25 13:05:19 INFO  ce[][o.e.p.PluginsService] loaded plugin [org.elasticsearch.join.ParentJoinPlugin]
2018.07.25 13:05:19 INFO  ce[][o.e.p.PluginsService] loaded plugin [org.elasticsearch.percolator.PercolatorPlugin]
2018.07.25 13:05:19 INFO  ce[][o.e.p.PluginsService] loaded plugin [org.elasticsearch.transport.Netty4Plugin]
2018.07.25 13:05:21 INFO  ce[][o.s.s.e.EsClientProvider] Connected to local Elasticsearch: [127.0.0.1:9001]
2018.07.25 13:05:21 INFO  ce[][o.sonar.db.Database] Create JDBC data source for jdbc:mysql://localhost:3306/sonar?useUnicode=true&characterEncoding=utf8&rewriteBatchedStatements=true&useConfigs=maxPerformance&useSSL=false
2018.07.25 13:05:24 INFO  ce[][o.s.s.p.ServerFileSystemImpl] SonarQube home: /Users/max/Documents/sonarDirectory/sonarqube-6.7
2018.07.25 13:05:25 INFO  ce[][o.s.c.c.CePluginRepository] Load plugins
2018.07.25 13:05:28 INFO  ce[][o.s.c.q.PurgeCeActivities] Delete the Compute Engine tasks created before Fri Jan 26 13:05:28 PST 2018
2018.07.25 13:05:28 INFO  ce[][o.s.ce.app.CeServer] Compute Engine is operational
2018.07.25 13:09:01 INFO  ce[AWTTDxmobDFF-gJXMMi4][o.s.c.t.CeWorkerImpl] Execute task | project=com.datatorrent:dt-framework | type=REPORT | id=AWTTDxmobDFF-gJXMMi4
2018.07.25 13:09:39 INFO  ce[AWTTDxmobDFF-gJXMMi4][o.s.c.t.CeWorkerImpl] Executed task | project=com.datatorrent:dt-framework | type=REPORT | id=AWTTDxmobDFF-gJXMMi4 | time=38228ms
2018.07.25 13:15:58 INFO  ce[AWTTFXn5bDFF-gJXMMi_][o.s.c.t.CeWorkerImpl] Execute task | project=com.datatorrent:dt-framework | type=REPORT | id=AWTTFXn5bDFF-gJXMMi_
2018.07.25 13:16:26 INFO  ce[AWTTFXn5bDFF-gJXMMi_][o.s.c.t.CeWorkerImpl] Executed task | project=com.datatorrent:dt-framework | type=REPORT | id=AWTTFXn5bDFF-gJXMMi_ | time=27932ms
2018.07.25 16:22:39 INFO  ce[AWTTwGXebDFF-gJXMMjG][o.s.c.t.CeWorkerImpl] Execute task | project=org.apache.tika:tika | type=REPORT | id=AWTTwGXebDFF-gJXMMjG
2018.07.25 16:22:43 INFO  ce[AWTTwGXebDFF-gJXMMjG][o.s.c.t.CeWorkerImpl] Executed task | project=org.apache.tika:tika | type=REPORT | id=AWTTwGXebDFF-gJXMMjG | time=4452ms
2018.07.25 16:29:30 INFO  ce[AWTTxqqCbDFF-gJXMMjN][o.s.c.t.CeWorkerImpl] Execute task | project=org.apache.tika:tika | type=REPORT | id=AWTTxqqCbDFF-gJXMMjN
2018.07.25 16:29:35 INFO  ce[AWTTxqqCbDFF-gJXMMjN][o.s.c.t.CeWorkerImpl] Executed task | project=org.apache.tika:tika | type=REPORT | id=AWTTxqqCbDFF-gJXMMjN | time=4872ms
