2018.08.10 20:09:16 INFO  ce[][o.s.p.ProcessEntryPoint] Starting ce
2018.08.10 20:09:16 INFO  ce[][o.s.ce.app.CeServer] Compute Engine starting up...
2018.08.10 20:09:17 INFO  ce[][o.e.p.PluginsService] no modules loaded
2018.08.10 20:09:17 INFO  ce[][o.e.p.PluginsService] loaded plugin [org.elasticsearch.index.reindex.ReindexPlugin]
2018.08.10 20:09:17 INFO  ce[][o.e.p.PluginsService] loaded plugin [org.elasticsearch.join.ParentJoinPlugin]
2018.08.10 20:09:17 INFO  ce[][o.e.p.PluginsService] loaded plugin [org.elasticsearch.percolator.PercolatorPlugin]
2018.08.10 20:09:17 INFO  ce[][o.e.p.PluginsService] loaded plugin [org.elasticsearch.transport.Netty4Plugin]
2018.08.10 20:09:19 INFO  ce[][o.s.s.e.EsClientProvider] Connected to local Elasticsearch: [127.0.0.1:9001]
2018.08.10 20:09:19 INFO  ce[][o.sonar.db.Database] Create JDBC data source for jdbc:mysql://localhost:3306/sonar?useUnicode=true&characterEncoding=utf8&rewriteBatchedStatements=true&useConfigs=maxPerformance&useSSL=false
2018.08.10 20:09:21 INFO  ce[][o.s.s.p.ServerFileSystemImpl] SonarQube home: /Users/max/Documents/sonarDirectory/officialGithub/sonarqube-6.7
2018.08.10 20:09:21 INFO  ce[][o.s.c.c.CePluginRepository] Load plugins
2018.08.10 20:09:23 INFO  ce[][o.s.c.q.PurgeCeActivities] Delete the Compute Engine tasks created before Sun Feb 11 20:09:23 PST 2018
2018.08.10 20:09:23 INFO  ce[][o.s.ce.app.CeServer] Compute Engine is operational
2018.08.10 20:19:49 INFO  ce[AWUm_0SGkIFpcKjz-h2m][o.s.c.t.CeWorkerImpl] Execute task | project=org.apache.deltaspike:deltaspike-root | type=REPORT | id=AWUm_0SGkIFpcKjz-h2m
2018.08.10 20:20:28 INFO  ce[AWUm_0SGkIFpcKjz-h2m][o.s.c.t.CeWorkerImpl] Executed task | project=org.apache.deltaspike:deltaspike-root | type=REPORT | id=AWUm_0SGkIFpcKjz-h2m | time=38996ms
2018.08.10 20:59:03 INFO  ce[AWUnIy2lkIFpcKjz-h2t][o.s.c.t.CeWorkerImpl] Execute task | project=org.apache.deltaspike:deltaspike | type=REPORT | id=AWUnIy2lkIFpcKjz-h2t
2018.08.10 20:59:22 INFO  ce[AWUnIy2lkIFpcKjz-h2t][o.s.c.t.CeWorkerImpl] Executed task | project=org.apache.deltaspike:deltaspike | type=REPORT | id=AWUnIy2lkIFpcKjz-h2t | time=19203ms
2018.08.10 21:15:54 INFO  ce[AWUnMp0YkIFpcKjz-h20][o.s.c.t.CeWorkerImpl] Execute task | project=org.apache.deltaspike:deltaspike | type=REPORT | id=AWUnMp0YkIFpcKjz-h20
2018.08.10 21:16:12 INFO  ce[AWUnMp0YkIFpcKjz-h20][o.s.c.t.CeWorkerImpl] Executed task | project=org.apache.deltaspike:deltaspike | type=REPORT | id=AWUnMp0YkIFpcKjz-h20 | time=18489ms
2018.08.10 21:33:45 INFO  ce[AWUnQvNAkIFpcKjz-h27][o.s.c.t.CeWorkerImpl] Execute task | project=org.apache.deltaspike:deltaspike | type=REPORT | id=AWUnQvNAkIFpcKjz-h27
2018.08.10 21:34:03 INFO  ce[AWUnQvNAkIFpcKjz-h27][o.s.c.t.CeWorkerImpl] Executed task | project=org.apache.deltaspike:deltaspike | type=REPORT | id=AWUnQvNAkIFpcKjz-h27 | time=18132ms
2018.08.10 21:51:21 INFO  ce[AWUnUw5VkIFpcKjz-h3C][o.s.c.t.CeWorkerImpl] Execute task | project=org.apache.deltaspike:deltaspike | type=REPORT | id=AWUnUw5VkIFpcKjz-h3C
2018.08.10 21:51:41 INFO  ce[AWUnUw5VkIFpcKjz-h3C][o.s.c.t.CeWorkerImpl] Executed task | project=org.apache.deltaspike:deltaspike | type=REPORT | id=AWUnUw5VkIFpcKjz-h3C | time=19971ms
2018.08.10 22:09:16 INFO  ce[AWUnY3cukIFpcKjz-h3J][o.s.c.t.CeWorkerImpl] Execute task | project=org.apache.deltaspike:deltaspike | type=REPORT | id=AWUnY3cukIFpcKjz-h3J
2018.08.10 22:09:35 INFO  ce[AWUnY3cukIFpcKjz-h3J][o.s.c.t.CeWorkerImpl] Executed task | project=org.apache.deltaspike:deltaspike | type=REPORT | id=AWUnY3cukIFpcKjz-h3J | time=19579ms
2018.08.10 22:27:33 INFO  ce[AWUndDFrkIFpcKjz-h3Q][o.s.c.t.CeWorkerImpl] Execute task | project=org.apache.deltaspike:deltaspike | type=REPORT | id=AWUndDFrkIFpcKjz-h3Q
2018.08.10 22:27:52 INFO  ce[AWUndDFrkIFpcKjz-h3Q][o.s.c.t.CeWorkerImpl] Executed task | project=org.apache.deltaspike:deltaspike | type=REPORT | id=AWUndDFrkIFpcKjz-h3Q | time=19413ms
2018.08.10 22:46:21 INFO  ce[AWUnhW9nkIFpcKjz-h3X][o.s.c.t.CeWorkerImpl] Execute task | project=org.apache.deltaspike:deltaspike | type=REPORT | id=AWUnhW9nkIFpcKjz-h3X
2018.08.10 22:46:43 INFO  ce[AWUnhW9nkIFpcKjz-h3X][o.s.c.t.CeWorkerImpl] Executed task | project=org.apache.deltaspike:deltaspike | type=REPORT | id=AWUnhW9nkIFpcKjz-h3X | time=21435ms
2018.08.10 23:05:12 INFO  ce[AWUnlq5jkIFpcKjz-h3e][o.s.c.t.CeWorkerImpl] Execute task | project=org.apache.deltaspike:deltaspike | type=REPORT | id=AWUnlq5jkIFpcKjz-h3e
2018.08.10 23:05:30 INFO  ce[AWUnlq5jkIFpcKjz-h3e][o.s.c.t.CeWorkerImpl] Executed task | project=org.apache.deltaspike:deltaspike | type=REPORT | id=AWUnlq5jkIFpcKjz-h3e | time=17282ms
2018.08.10 23:24:59 INFO  ce[AWUnqMyVkIFpcKjz-h3l][o.s.c.t.CeWorkerImpl] Execute task | project=org.apache.deltaspike:deltaspike | type=REPORT | id=AWUnqMyVkIFpcKjz-h3l
2018.08.10 23:25:17 INFO  ce[AWUnqMyVkIFpcKjz-h3l][o.s.c.t.CeWorkerImpl] Executed task | project=org.apache.deltaspike:deltaspike | type=REPORT | id=AWUnqMyVkIFpcKjz-h3l | time=17641ms
2018.08.10 23:44:34 INFO  ce[AWUnurwPkIFpcKjz-h3s][o.s.c.t.CeWorkerImpl] Execute task | project=org.apache.deltaspike:deltaspike | type=REPORT | id=AWUnurwPkIFpcKjz-h3s
2018.08.10 23:44:55 INFO  ce[AWUnurwPkIFpcKjz-h3s][o.s.c.t.CeWorkerImpl] Executed task | project=org.apache.deltaspike:deltaspike | type=REPORT | id=AWUnurwPkIFpcKjz-h3s | time=20539ms
