2018.07.26 13:57:24 INFO  ce[][o.s.ce.app.CeServer] Compute Engine is stopping...
2018.07.26 13:57:24 INFO  ce[][o.s.c.t.CeProcessingSchedulerImpl] Waiting for workers to finish in-progress tasks
2018.07.26 13:57:26 INFO  ce[][o.s.ce.app.CeServer] Compute Engine is stopped
2018.07.26 14:48:17 INFO  ce[][o.s.p.ProcessEntryPoint] Starting ce
2018.07.26 14:48:17 INFO  ce[][o.s.ce.app.CeServer] Compute Engine starting up...
2018.07.26 14:48:18 INFO  ce[][o.e.p.PluginsService] no modules loaded
2018.07.26 14:48:18 INFO  ce[][o.e.p.PluginsService] loaded plugin [org.elasticsearch.index.reindex.ReindexPlugin]
2018.07.26 14:48:18 INFO  ce[][o.e.p.PluginsService] loaded plugin [org.elasticsearch.join.ParentJoinPlugin]
2018.07.26 14:48:18 INFO  ce[][o.e.p.PluginsService] loaded plugin [org.elasticsearch.percolator.PercolatorPlugin]
2018.07.26 14:48:18 INFO  ce[][o.e.p.PluginsService] loaded plugin [org.elasticsearch.transport.Netty4Plugin]
2018.07.26 14:48:20 INFO  ce[][o.s.s.e.EsClientProvider] Connected to local Elasticsearch: [127.0.0.1:9001]
2018.07.26 14:48:20 INFO  ce[][o.sonar.db.Database] Create JDBC data source for jdbc:mysql://localhost:3306/sonar?useUnicode=true&characterEncoding=utf8&rewriteBatchedStatements=true&useConfigs=maxPerformance&useSSL=false
2018.07.26 14:48:22 INFO  ce[][o.s.s.p.ServerFileSystemImpl] SonarQube home: /Users/max/Documents/sonarDirectory/sonarqube-6.7
2018.07.26 14:48:23 INFO  ce[][o.s.c.c.CePluginRepository] Load plugins
2018.07.26 14:48:25 INFO  ce[][o.s.c.q.PurgeCeActivities] Delete the Compute Engine tasks created before Sat Jan 27 14:48:25 PST 2018
2018.07.26 14:48:25 INFO  ce[][o.s.ce.app.CeServer] Compute Engine is operational
2018.07.26 14:49:17 INFO  ce[AWTYkUXVTE_3nLKDqCqP][o.s.c.t.CeWorkerImpl] Execute task | project=org.apache.tika:tika | type=REPORT | id=AWTYkUXVTE_3nLKDqCqP
2018.07.26 14:49:24 INFO  ce[AWTYkUXVTE_3nLKDqCqP][o.s.c.t.CeWorkerImpl] Executed task | project=org.apache.tika:tika | type=REPORT | id=AWTYkUXVTE_3nLKDqCqP | time=6413ms
2018.07.26 14:58:43 INFO  ce[AWTYmecITE_3nLKDqCqQ][o.s.c.t.CeWorkerImpl] Execute task | project=org.apache.tika:tika | type=REPORT | id=AWTYmecITE_3nLKDqCqQ
2018.07.26 14:58:48 INFO  ce[AWTYmecITE_3nLKDqCqQ][o.s.c.t.CeWorkerImpl] Executed task | project=org.apache.tika:tika | type=REPORT | id=AWTYmecITE_3nLKDqCqQ | time=4843ms
2018.07.26 15:16:39 INFO  ce[AWTYqlPITE_3nLKDqCqR][o.s.c.t.CeWorkerImpl] Execute task | project=org.apache.tika:tika | type=REPORT | id=AWTYqlPITE_3nLKDqCqR
2018.07.26 15:16:43 INFO  ce[AWTYqlPITE_3nLKDqCqR][o.s.c.t.CeWorkerImpl] Executed task | project=org.apache.tika:tika | type=REPORT | id=AWTYqlPITE_3nLKDqCqR | time=3740ms
2018.07.26 15:24:08 INFO  ce[AWTYsSzzTE_3nLKDqCqS][o.s.c.t.CeWorkerImpl] Execute task | project=org.apache.tika:tika | type=REPORT | id=AWTYsSzzTE_3nLKDqCqS
2018.07.26 15:24:12 INFO  ce[AWTYsSzzTE_3nLKDqCqS][o.s.c.t.CeWorkerImpl] Executed task | project=org.apache.tika:tika | type=REPORT | id=AWTYsSzzTE_3nLKDqCqS | time=4083ms
2018.07.26 15:54:25 INFO  ce[AWTYzOtGTE_3nLKDqCqT][o.s.c.t.CeWorkerImpl] Execute task | project=org.apache.tika:tika | type=REPORT | id=AWTYzOtGTE_3nLKDqCqT
2018.07.26 15:54:29 INFO  ce[AWTYzOtGTE_3nLKDqCqT][o.s.c.t.CeWorkerImpl] Executed task | project=org.apache.tika:tika | type=REPORT | id=AWTYzOtGTE_3nLKDqCqT | time=3885ms
2018.07.26 15:56:52 INFO  ce[AWTYzySrTE_3nLKDqCqU][o.s.c.t.CeWorkerImpl] Execute task | project=org.apache.tika:tika | type=REPORT | id=AWTYzySrTE_3nLKDqCqU
2018.07.26 15:56:55 INFO  ce[AWTYzySrTE_3nLKDqCqU][o.s.c.t.CeWorkerImpl] Executed task | project=org.apache.tika:tika | type=REPORT | id=AWTYzySrTE_3nLKDqCqU | time=3460ms
2018.07.26 15:59:36 INFO  ce[AWTY0aG4TE_3nLKDqCqb][o.s.c.t.CeWorkerImpl] Execute task | project=org.apache.tika:tika | type=REPORT | id=AWTY0aG4TE_3nLKDqCqb
2018.07.26 15:59:40 INFO  ce[AWTY0aG4TE_3nLKDqCqb][o.s.c.t.CeWorkerImpl] Executed task | project=org.apache.tika:tika | type=REPORT | id=AWTY0aG4TE_3nLKDqCqb | time=4521ms
2018.07.26 16:02:17 INFO  ce[AWTY1BniTE_3nLKDqCqi][o.s.c.t.CeWorkerImpl] Execute task | project=org.apache.tika:tika | type=REPORT | id=AWTY1BniTE_3nLKDqCqi
2018.07.26 16:02:22 INFO  ce[AWTY1BniTE_3nLKDqCqi][o.s.c.t.CeWorkerImpl] Executed task | project=org.apache.tika:tika | type=REPORT | id=AWTY1BniTE_3nLKDqCqi | time=5013ms
2018.07.26 16:15:25 INFO  ce[AWTY4CGaTE_3nLKDqCqp][o.s.c.t.CeWorkerImpl] Execute task | project=org.apache.tika:tika | type=REPORT | id=AWTY4CGaTE_3nLKDqCqp
2018.07.26 16:15:29 INFO  ce[AWTY4CGaTE_3nLKDqCqp][o.s.c.t.CeWorkerImpl] Executed task | project=org.apache.tika:tika | type=REPORT | id=AWTY4CGaTE_3nLKDqCqp | time=3494ms
2018.07.26 16:45:28 INFO  ce[][o.s.ce.app.CeServer] Compute Engine is stopping...
2018.07.26 16:45:28 INFO  ce[][o.s.c.t.CeProcessingSchedulerImpl] Waiting for workers to finish in-progress tasks
2018.07.26 16:45:30 INFO  ce[][o.s.ce.app.CeServer] Compute Engine is stopped
