2018.08.10 20:08:40 INFO  es[][o.e.n.Node] initializing ...
2018.08.10 20:08:40 INFO  es[][o.e.e.NodeEnvironment] using [1] data paths, mounts [[/ (/dev/disk1s1)]], net usable_space [76.5gb], net total_space [233.5gb], spins? [unknown], types [apfs]
2018.08.10 20:08:40 INFO  es[][o.e.e.NodeEnvironment] heap size [494.9mb], compressed ordinary object pointers [true]
2018.08.10 20:08:40 INFO  es[][o.e.n.Node] node name [sonarqube], node ID [2sdOxSDZSASrWBkYmYWgCg]
2018.08.10 20:08:40 INFO  es[][o.e.n.Node] version[5.6.3], pid[14884], build[1a2f265/2017-10-06T20:33:39.012Z], OS[Mac OS X/10.13.1/x86_64], JVM[Oracle Corporation/Java HotSpot(TM) 64-Bit Server VM/1.8.0_77/25.77-b03]
2018.08.10 20:08:40 INFO  es[][o.e.n.Node] JVM arguments [-XX:+UseConcMarkSweepGC, -XX:CMSInitiatingOccupancyFraction=75, -XX:+UseCMSInitiatingOccupancyOnly, -XX:+AlwaysPreTouch, -Xss1m, -Djava.awt.headless=true, -Dfile.encoding=UTF-8, -Djna.nosys=true, -Djdk.io.permissionsUseCanonicalPath=true, -Dio.netty.noUnsafe=true, -Dio.netty.noKeySetOptimization=true, -Dio.netty.recycler.maxCapacityPerThread=0, -Dlog4j.shutdownHookEnabled=false, -Dlog4j2.disable.jmx=true, -Dlog4j.skipJansi=true, -Xms512m, -Xmx512m, -XX:+HeapDumpOnOutOfMemoryError, -Des.path.home=/Users/max/Documents/sonarDirectory/officialGithub/sonarqube-6.7/elasticsearch]
2018.08.10 20:08:41 INFO  es[][o.e.p.PluginsService] loaded module [aggs-matrix-stats]
2018.08.10 20:08:41 INFO  es[][o.e.p.PluginsService] loaded module [ingest-common]
2018.08.10 20:08:41 INFO  es[][o.e.p.PluginsService] loaded module [parent-join]
2018.08.10 20:08:41 INFO  es[][o.e.p.PluginsService] loaded module [percolator]
2018.08.10 20:08:41 INFO  es[][o.e.p.PluginsService] loaded module [reindex]
2018.08.10 20:08:41 INFO  es[][o.e.p.PluginsService] loaded module [transport-netty4]
2018.08.10 20:08:41 INFO  es[][o.e.p.PluginsService] no plugins loaded
2018.08.10 20:08:44 INFO  es[][o.e.d.DiscoveryModule] using discovery type [zen]
2018.08.10 20:08:45 INFO  es[][o.e.n.Node] initialized
2018.08.10 20:08:45 INFO  es[][o.e.n.Node] starting ...
2018.08.10 20:08:45 INFO  es[][o.e.t.TransportService] publish_address {127.0.0.1:9001}, bound_addresses {127.0.0.1:9001}
2018.08.10 20:08:49 INFO  es[][o.e.c.s.ClusterService] new_master {sonarqube}{2sdOxSDZSASrWBkYmYWgCg}{Hh5aNrZmT6qdZIg6IoPVNw}{127.0.0.1}{127.0.0.1:9001}{rack_id=sonarqube}, reason: zen-disco-elected-as-master ([0] nodes joined)
2018.08.10 20:08:49 INFO  es[][o.e.n.Node] started
2018.08.10 20:08:49 INFO  es[][o.e.g.GatewayService] recovered [8] indices into cluster_state
2018.08.10 20:08:49 WARN  es[][o.e.i.t.Translog] deleted previously created, but not yet committed, next generation [translog-39.tlog]. This can happen due to a tragic exception when creating a new generation
2018.08.10 20:08:49 WARN  es[][o.e.i.t.Translog] deleted previously created, but not yet committed, next generation [translog-39.tlog]. This can happen due to a tragic exception when creating a new generation
2018.08.10 20:08:49 WARN  es[][o.e.i.t.Translog] deleted previously created, but not yet committed, next generation [translog-39.tlog]. This can happen due to a tragic exception when creating a new generation
2018.08.10 20:08:49 WARN  es[][o.e.i.t.Translog] deleted previously created, but not yet committed, next generation [translog-39.tlog]. This can happen due to a tragic exception when creating a new generation
2018.08.10 20:08:50 WARN  es[][o.e.i.t.Translog] deleted previously created, but not yet committed, next generation [translog-39.tlog]. This can happen due to a tragic exception when creating a new generation
2018.08.10 20:08:50 WARN  es[][o.e.i.t.Translog] deleted previously created, but not yet committed, next generation [translog-40.tlog]. This can happen due to a tragic exception when creating a new generation
2018.08.10 20:08:50 WARN  es[][o.e.i.t.Translog] deleted previously created, but not yet committed, next generation [translog-45.tlog]. This can happen due to a tragic exception when creating a new generation
2018.08.10 20:08:50 WARN  es[][o.e.i.c.IndicesClusterStateService] [[issues][4]] marking and sending shard failed due to [failed recovery]
org.elasticsearch.indices.recovery.RecoveryFailedException: [issues][4]: Recovery failed on {sonarqube}{2sdOxSDZSASrWBkYmYWgCg}{Hh5aNrZmT6qdZIg6IoPVNw}{127.0.0.1}{127.0.0.1:9001}{rack_id=sonarqube}
	at org.elasticsearch.index.shard.IndexShard.lambda$startRecovery$1(IndexShard.java:1488) ~[elasticsearch-5.6.3.jar:5.6.3]
	at org.elasticsearch.common.util.concurrent.ThreadContext$ContextPreservingRunnable.run(ThreadContext.java:569) [elasticsearch-5.6.3.jar:5.6.3]
	at java.util.concurrent.ThreadPoolExecutor.runWorker(ThreadPoolExecutor.java:1142) [?:1.8.0_77]
	at java.util.concurrent.ThreadPoolExecutor$Worker.run(ThreadPoolExecutor.java:617) [?:1.8.0_77]
	at java.lang.Thread.run(Thread.java:745) [?:1.8.0_77]
Caused by: org.elasticsearch.index.shard.IndexShardRecoveryException: failed recovery
	at org.elasticsearch.index.shard.StoreRecovery.executeRecovery(StoreRecovery.java:299) ~[elasticsearch-5.6.3.jar:5.6.3]
	at org.elasticsearch.index.shard.StoreRecovery.recoverFromStore(StoreRecovery.java:88) ~[elasticsearch-5.6.3.jar:5.6.3]
	at org.elasticsearch.index.shard.IndexShard.recoverFromStore(IndexShard.java:1236) ~[elasticsearch-5.6.3.jar:5.6.3]
	at org.elasticsearch.index.shard.IndexShard.lambda$startRecovery$1(IndexShard.java:1484) ~[elasticsearch-5.6.3.jar:5.6.3]
	... 4 more
Caused by: org.elasticsearch.index.translog.TranslogException: failed to create new translog file
	at org.elasticsearch.index.translog.Translog.createWriter(Translog.java:381) ~[elasticsearch-5.6.3.jar:5.6.3]
	at org.elasticsearch.index.translog.Translog.<init>(Translog.java:183) ~[elasticsearch-5.6.3.jar:5.6.3]
	at org.elasticsearch.index.engine.InternalEngine.openTranslog(InternalEngine.java:272) ~[elasticsearch-5.6.3.jar:5.6.3]
	at org.elasticsearch.index.engine.InternalEngine.<init>(InternalEngine.java:160) ~[elasticsearch-5.6.3.jar:5.6.3]
	at org.elasticsearch.index.engine.InternalEngineFactory.newReadWriteEngine(InternalEngineFactory.java:25) ~[elasticsearch-5.6.3.jar:5.6.3]
	at org.elasticsearch.index.shard.IndexShard.newEngine(IndexShard.java:1602) ~[elasticsearch-5.6.3.jar:5.6.3]
	at org.elasticsearch.index.shard.IndexShard.createNewEngine(IndexShard.java:1584) ~[elasticsearch-5.6.3.jar:5.6.3]
	at org.elasticsearch.index.shard.IndexShard.internalPerformTranslogRecovery(IndexShard.java:1027) ~[elasticsearch-5.6.3.jar:5.6.3]
	at org.elasticsearch.index.shard.IndexShard.performTranslogRecovery(IndexShard.java:987) ~[elasticsearch-5.6.3.jar:5.6.3]
	at org.elasticsearch.index.shard.StoreRecovery.internalRecoverFromStore(StoreRecovery.java:360) ~[elasticsearch-5.6.3.jar:5.6.3]
	at org.elasticsearch.index.shard.StoreRecovery.lambda$recoverFromStore$0(StoreRecovery.java:90) ~[elasticsearch-5.6.3.jar:5.6.3]
	at org.elasticsearch.index.shard.StoreRecovery.executeRecovery(StoreRecovery.java:257) ~[elasticsearch-5.6.3.jar:5.6.3]
	at org.elasticsearch.index.shard.StoreRecovery.recoverFromStore(StoreRecovery.java:88) ~[elasticsearch-5.6.3.jar:5.6.3]
	at org.elasticsearch.index.shard.IndexShard.recoverFromStore(IndexShard.java:1236) ~[elasticsearch-5.6.3.jar:5.6.3]
	at org.elasticsearch.index.shard.IndexShard.lambda$startRecovery$1(IndexShard.java:1484) ~[elasticsearch-5.6.3.jar:5.6.3]
	... 4 more
Caused by: java.nio.file.FileAlreadyExistsException: /Users/max/Documents/sonarDirectory/officialGithub/sonarqube-6.7/data/es5/nodes/0/indices/dOrCW8NIRsWh3gqZDXZ2iQ/4/translog/translog-116.tlog
	at sun.nio.fs.UnixException.translateToIOException(UnixException.java:88) ~[?:?]
	at sun.nio.fs.UnixException.rethrowAsIOException(UnixException.java:102) ~[?:?]
	at sun.nio.fs.UnixException.rethrowAsIOException(UnixException.java:107) ~[?:?]
	at sun.nio.fs.UnixFileSystemProvider.newFileChannel(UnixFileSystemProvider.java:177) ~[?:?]
	at java.nio.channels.FileChannel.open(FileChannel.java:287) ~[?:1.8.0_77]
	at java.nio.channels.FileChannel.open(FileChannel.java:335) ~[?:1.8.0_77]
	at org.elasticsearch.index.translog.ChannelFactory.open(ChannelFactory.java:33) ~[elasticsearch-5.6.3.jar:5.6.3]
	at org.elasticsearch.index.translog.TranslogWriter.create(TranslogWriter.java:92) ~[elasticsearch-5.6.3.jar:5.6.3]
	at org.elasticsearch.index.translog.Translog.createWriter(Translog.java:379) ~[elasticsearch-5.6.3.jar:5.6.3]
	at org.elasticsearch.index.translog.Translog.<init>(Translog.java:183) ~[elasticsearch-5.6.3.jar:5.6.3]
	at org.elasticsearch.index.engine.InternalEngine.openTranslog(InternalEngine.java:272) ~[elasticsearch-5.6.3.jar:5.6.3]
	at org.elasticsearch.index.engine.InternalEngine.<init>(InternalEngine.java:160) ~[elasticsearch-5.6.3.jar:5.6.3]
	at org.elasticsearch.index.engine.InternalEngineFactory.newReadWriteEngine(InternalEngineFactory.java:25) ~[elasticsearch-5.6.3.jar:5.6.3]
	at org.elasticsearch.index.shard.IndexShard.newEngine(IndexShard.java:1602) ~[elasticsearch-5.6.3.jar:5.6.3]
	at org.elasticsearch.index.shard.IndexShard.createNewEngine(IndexShard.java:1584) ~[elasticsearch-5.6.3.jar:5.6.3]
	at org.elasticsearch.index.shard.IndexShard.internalPerformTranslogRecovery(IndexShard.java:1027) ~[elasticsearch-5.6.3.jar:5.6.3]
	at org.elasticsearch.index.shard.IndexShard.performTranslogRecovery(IndexShard.java:987) ~[elasticsearch-5.6.3.jar:5.6.3]
	at org.elasticsearch.index.shard.StoreRecovery.internalRecoverFromStore(StoreRecovery.java:360) ~[elasticsearch-5.6.3.jar:5.6.3]
	at org.elasticsearch.index.shard.StoreRecovery.lambda$recoverFromStore$0(StoreRecovery.java:90) ~[elasticsearch-5.6.3.jar:5.6.3]
	at org.elasticsearch.index.shard.StoreRecovery.executeRecovery(StoreRecovery.java:257) ~[elasticsearch-5.6.3.jar:5.6.3]
	at org.elasticsearch.index.shard.StoreRecovery.recoverFromStore(StoreRecovery.java:88) ~[elasticsearch-5.6.3.jar:5.6.3]
	at org.elasticsearch.index.shard.IndexShard.recoverFromStore(IndexShard.java:1236) ~[elasticsearch-5.6.3.jar:5.6.3]
	at org.elasticsearch.index.shard.IndexShard.lambda$startRecovery$1(IndexShard.java:1484) ~[elasticsearch-5.6.3.jar:5.6.3]
	... 4 more
2018.08.10 20:08:50 WARN  es[][o.e.c.a.s.ShardStateAction] [issues][4] received shard failed for shard id [[issues][4]], allocation id [dccy3khmSlSk7yvbVgk9Kw], primary term [0], message [failed recovery], failure [RecoveryFailedException[[issues][4]: Recovery failed on {sonarqube}{2sdOxSDZSASrWBkYmYWgCg}{Hh5aNrZmT6qdZIg6IoPVNw}{127.0.0.1}{127.0.0.1:9001}{rack_id=sonarqube}]; nested: IndexShardRecoveryException[failed recovery]; nested: TranslogException[failed to create new translog file]; nested: FileAlreadyExistsException[/Users/max/Documents/sonarDirectory/officialGithub/sonarqube-6.7/data/es5/nodes/0/indices/dOrCW8NIRsWh3gqZDXZ2iQ/4/translog/translog-116.tlog]; ]
org.elasticsearch.indices.recovery.RecoveryFailedException: [issues][4]: Recovery failed on {sonarqube}{2sdOxSDZSASrWBkYmYWgCg}{Hh5aNrZmT6qdZIg6IoPVNw}{127.0.0.1}{127.0.0.1:9001}{rack_id=sonarqube}
	at org.elasticsearch.index.shard.IndexShard.lambda$startRecovery$1(IndexShard.java:1488) ~[elasticsearch-5.6.3.jar:5.6.3]
	at org.elasticsearch.common.util.concurrent.ThreadContext$ContextPreservingRunnable.run(ThreadContext.java:569) [elasticsearch-5.6.3.jar:5.6.3]
	at java.util.concurrent.ThreadPoolExecutor.runWorker(ThreadPoolExecutor.java:1142) [?:1.8.0_77]
	at java.util.concurrent.ThreadPoolExecutor$Worker.run(ThreadPoolExecutor.java:617) [?:1.8.0_77]
	at java.lang.Thread.run(Thread.java:745) [?:1.8.0_77]
Caused by: org.elasticsearch.index.shard.IndexShardRecoveryException: failed recovery
	at org.elasticsearch.index.shard.StoreRecovery.executeRecovery(StoreRecovery.java:299) ~[elasticsearch-5.6.3.jar:5.6.3]
	at org.elasticsearch.index.shard.StoreRecovery.recoverFromStore(StoreRecovery.java:88) ~[elasticsearch-5.6.3.jar:5.6.3]
	at org.elasticsearch.index.shard.IndexShard.recoverFromStore(IndexShard.java:1236) ~[elasticsearch-5.6.3.jar:5.6.3]
	at org.elasticsearch.index.shard.IndexShard.lambda$startRecovery$1(IndexShard.java:1484) ~[elasticsearch-5.6.3.jar:5.6.3]
	... 4 more
Caused by: org.elasticsearch.index.translog.TranslogException: failed to create new translog file
	at org.elasticsearch.index.translog.Translog.createWriter(Translog.java:381) ~[elasticsearch-5.6.3.jar:5.6.3]
	at org.elasticsearch.index.translog.Translog.<init>(Translog.java:183) ~[elasticsearch-5.6.3.jar:5.6.3]
	at org.elasticsearch.index.engine.InternalEngine.openTranslog(InternalEngine.java:272) ~[elasticsearch-5.6.3.jar:5.6.3]
	at org.elasticsearch.index.engine.InternalEngine.<init>(InternalEngine.java:160) ~[elasticsearch-5.6.3.jar:5.6.3]
	at org.elasticsearch.index.engine.InternalEngineFactory.newReadWriteEngine(InternalEngineFactory.java:25) ~[elasticsearch-5.6.3.jar:5.6.3]
	at org.elasticsearch.index.shard.IndexShard.newEngine(IndexShard.java:1602) ~[elasticsearch-5.6.3.jar:5.6.3]
	at org.elasticsearch.index.shard.IndexShard.createNewEngine(IndexShard.java:1584) ~[elasticsearch-5.6.3.jar:5.6.3]
	at org.elasticsearch.index.shard.IndexShard.internalPerformTranslogRecovery(IndexShard.java:1027) ~[elasticsearch-5.6.3.jar:5.6.3]
	at org.elasticsearch.index.shard.IndexShard.performTranslogRecovery(IndexShard.java:987) ~[elasticsearch-5.6.3.jar:5.6.3]
	at org.elasticsearch.index.shard.StoreRecovery.internalRecoverFromStore(StoreRecovery.java:360) ~[elasticsearch-5.6.3.jar:5.6.3]
	at org.elasticsearch.index.shard.StoreRecovery.lambda$recoverFromStore$0(StoreRecovery.java:90) ~[elasticsearch-5.6.3.jar:5.6.3]
	at org.elasticsearch.index.shard.StoreRecovery.executeRecovery(StoreRecovery.java:257) ~[elasticsearch-5.6.3.jar:5.6.3]
	at org.elasticsearch.index.shard.StoreRecovery.recoverFromStore(StoreRecovery.java:88) ~[elasticsearch-5.6.3.jar:5.6.3]
	at org.elasticsearch.index.shard.IndexShard.recoverFromStore(IndexShard.java:1236) ~[elasticsearch-5.6.3.jar:5.6.3]
	at org.elasticsearch.index.shard.IndexShard.lambda$startRecovery$1(IndexShard.java:1484) ~[elasticsearch-5.6.3.jar:5.6.3]
	... 4 more
Caused by: java.nio.file.FileAlreadyExistsException: /Users/max/Documents/sonarDirectory/officialGithub/sonarqube-6.7/data/es5/nodes/0/indices/dOrCW8NIRsWh3gqZDXZ2iQ/4/translog/translog-116.tlog
	at sun.nio.fs.UnixException.translateToIOException(UnixException.java:88) ~[?:?]
	at sun.nio.fs.UnixException.rethrowAsIOException(UnixException.java:102) ~[?:?]
	at sun.nio.fs.UnixException.rethrowAsIOException(UnixException.java:107) ~[?:?]
	at sun.nio.fs.UnixFileSystemProvider.newFileChannel(UnixFileSystemProvider.java:177) ~[?:?]
	at java.nio.channels.FileChannel.open(FileChannel.java:287) ~[?:1.8.0_77]
	at java.nio.channels.FileChannel.open(FileChannel.java:335) ~[?:1.8.0_77]
	at org.elasticsearch.index.translog.ChannelFactory.open(ChannelFactory.java:33) ~[elasticsearch-5.6.3.jar:5.6.3]
	at org.elasticsearch.index.translog.TranslogWriter.create(TranslogWriter.java:92) ~[elasticsearch-5.6.3.jar:5.6.3]
	at org.elasticsearch.index.translog.Translog.createWriter(Translog.java:379) ~[elasticsearch-5.6.3.jar:5.6.3]
	at org.elasticsearch.index.translog.Translog.<init>(Translog.java:183) ~[elasticsearch-5.6.3.jar:5.6.3]
	at org.elasticsearch.index.engine.InternalEngine.openTranslog(InternalEngine.java:272) ~[elasticsearch-5.6.3.jar:5.6.3]
	at org.elasticsearch.index.engine.InternalEngine.<init>(InternalEngine.java:160) ~[elasticsearch-5.6.3.jar:5.6.3]
	at org.elasticsearch.index.engine.InternalEngineFactory.newReadWriteEngine(InternalEngineFactory.java:25) ~[elasticsearch-5.6.3.jar:5.6.3]
	at org.elasticsearch.index.shard.IndexShard.newEngine(IndexShard.java:1602) ~[elasticsearch-5.6.3.jar:5.6.3]
	at org.elasticsearch.index.shard.IndexShard.createNewEngine(IndexShard.java:1584) ~[elasticsearch-5.6.3.jar:5.6.3]
	at org.elasticsearch.index.shard.IndexShard.internalPerformTranslogRecovery(IndexShard.java:1027) ~[elasticsearch-5.6.3.jar:5.6.3]
	at org.elasticsearch.index.shard.IndexShard.performTranslogRecovery(IndexShard.java:987) ~[elasticsearch-5.6.3.jar:5.6.3]
	at org.elasticsearch.index.shard.StoreRecovery.internalRecoverFromStore(StoreRecovery.java:360) ~[elasticsearch-5.6.3.jar:5.6.3]
	at org.elasticsearch.index.shard.StoreRecovery.lambda$recoverFromStore$0(StoreRecovery.java:90) ~[elasticsearch-5.6.3.jar:5.6.3]
	at org.elasticsearch.index.shard.StoreRecovery.executeRecovery(StoreRecovery.java:257) ~[elasticsearch-5.6.3.jar:5.6.3]
	at org.elasticsearch.index.shard.StoreRecovery.recoverFromStore(StoreRecovery.java:88) ~[elasticsearch-5.6.3.jar:5.6.3]
	at org.elasticsearch.index.shard.IndexShard.recoverFromStore(IndexShard.java:1236) ~[elasticsearch-5.6.3.jar:5.6.3]
	at org.elasticsearch.index.shard.IndexShard.lambda$startRecovery$1(IndexShard.java:1484) ~[elasticsearch-5.6.3.jar:5.6.3]
	... 4 more
2018.08.10 20:08:50 WARN  es[][o.e.c.a.s.ShardStateAction] [issues][4] received shard failed for shard id [[issues][4]], allocation id [dccy3khmSlSk7yvbVgk9Kw], primary term [0], message [master {sonarqube}{2sdOxSDZSASrWBkYmYWgCg}{Hh5aNrZmT6qdZIg6IoPVNw}{127.0.0.1}{127.0.0.1:9001}{rack_id=sonarqube} has not removed previously failed shard. resending shard failure]
2018.08.10 20:08:50 WARN  es[][o.e.i.t.Translog] deleted previously created, but not yet committed, next generation [translog-45.tlog]. This can happen due to a tragic exception when creating a new generation
2018.08.10 20:08:51 WARN  es[][o.e.c.a.s.ShardStateAction] [issues][4] received shard failed for shard id [[issues][4]], allocation id [dccy3khmSlSk7yvbVgk9Kw], primary term [0], message [master {sonarqube}{2sdOxSDZSASrWBkYmYWgCg}{Hh5aNrZmT6qdZIg6IoPVNw}{127.0.0.1}{127.0.0.1:9001}{rack_id=sonarqube} has not removed previously failed shard. resending shard failure]
2018.08.10 20:08:51 WARN  es[][o.e.i.c.IndicesClusterStateService] [[projectmeasures][4]] marking and sending shard failed due to [failed recovery]
org.elasticsearch.indices.recovery.RecoveryFailedException: [projectmeasures][4]: Recovery failed on {sonarqube}{2sdOxSDZSASrWBkYmYWgCg}{Hh5aNrZmT6qdZIg6IoPVNw}{127.0.0.1}{127.0.0.1:9001}{rack_id=sonarqube}
	at org.elasticsearch.index.shard.IndexShard.lambda$startRecovery$1(IndexShard.java:1488) ~[elasticsearch-5.6.3.jar:5.6.3]
	at org.elasticsearch.common.util.concurrent.ThreadContext$ContextPreservingRunnable.run(ThreadContext.java:569) [elasticsearch-5.6.3.jar:5.6.3]
	at java.util.concurrent.ThreadPoolExecutor.runWorker(ThreadPoolExecutor.java:1142) [?:1.8.0_77]
	at java.util.concurrent.ThreadPoolExecutor$Worker.run(ThreadPoolExecutor.java:617) [?:1.8.0_77]
	at java.lang.Thread.run(Thread.java:745) [?:1.8.0_77]
Caused by: org.elasticsearch.index.shard.IndexShardRecoveryException: failed recovery
	at org.elasticsearch.index.shard.StoreRecovery.executeRecovery(StoreRecovery.java:299) ~[elasticsearch-5.6.3.jar:5.6.3]
	at org.elasticsearch.index.shard.StoreRecovery.recoverFromStore(StoreRecovery.java:88) ~[elasticsearch-5.6.3.jar:5.6.3]
	at org.elasticsearch.index.shard.IndexShard.recoverFromStore(IndexShard.java:1236) ~[elasticsearch-5.6.3.jar:5.6.3]
	at org.elasticsearch.index.shard.IndexShard.lambda$startRecovery$1(IndexShard.java:1484) ~[elasticsearch-5.6.3.jar:5.6.3]
	... 4 more
Caused by: org.elasticsearch.index.translog.TranslogException: failed to create new translog file
	at org.elasticsearch.index.translog.Translog.createWriter(Translog.java:381) ~[elasticsearch-5.6.3.jar:5.6.3]
	at org.elasticsearch.index.translog.Translog.<init>(Translog.java:183) ~[elasticsearch-5.6.3.jar:5.6.3]
	at org.elasticsearch.index.engine.InternalEngine.openTranslog(InternalEngine.java:272) ~[elasticsearch-5.6.3.jar:5.6.3]
	at org.elasticsearch.index.engine.InternalEngine.<init>(InternalEngine.java:160) ~[elasticsearch-5.6.3.jar:5.6.3]
	at org.elasticsearch.index.engine.InternalEngineFactory.newReadWriteEngine(InternalEngineFactory.java:25) ~[elasticsearch-5.6.3.jar:5.6.3]
	at org.elasticsearch.index.shard.IndexShard.newEngine(IndexShard.java:1602) ~[elasticsearch-5.6.3.jar:5.6.3]
	at org.elasticsearch.index.shard.IndexShard.createNewEngine(IndexShard.java:1584) ~[elasticsearch-5.6.3.jar:5.6.3]
	at org.elasticsearch.index.shard.IndexShard.internalPerformTranslogRecovery(IndexShard.java:1027) ~[elasticsearch-5.6.3.jar:5.6.3]
	at org.elasticsearch.index.shard.IndexShard.performTranslogRecovery(IndexShard.java:987) ~[elasticsearch-5.6.3.jar:5.6.3]
	at org.elasticsearch.index.shard.StoreRecovery.internalRecoverFromStore(StoreRecovery.java:360) ~[elasticsearch-5.6.3.jar:5.6.3]
	at org.elasticsearch.index.shard.StoreRecovery.lambda$recoverFromStore$0(StoreRecovery.java:90) ~[elasticsearch-5.6.3.jar:5.6.3]
	at org.elasticsearch.index.shard.StoreRecovery.executeRecovery(StoreRecovery.java:257) ~[elasticsearch-5.6.3.jar:5.6.3]
	at org.elasticsearch.index.shard.StoreRecovery.recoverFromStore(StoreRecovery.java:88) ~[elasticsearch-5.6.3.jar:5.6.3]
	at org.elasticsearch.index.shard.IndexShard.recoverFromStore(IndexShard.java:1236) ~[elasticsearch-5.6.3.jar:5.6.3]
	at org.elasticsearch.index.shard.IndexShard.lambda$startRecovery$1(IndexShard.java:1484) ~[elasticsearch-5.6.3.jar:5.6.3]
	... 4 more
Caused by: java.nio.file.FileAlreadyExistsException: /Users/max/Documents/sonarDirectory/officialGithub/sonarqube-6.7/data/es5/nodes/0/indices/PLOXm-__TzCNpnVI78tWOA/4/translog/translog-117.tlog
	at sun.nio.fs.UnixException.translateToIOException(UnixException.java:88) ~[?:?]
	at sun.nio.fs.UnixException.rethrowAsIOException(UnixException.java:102) ~[?:?]
	at sun.nio.fs.UnixException.rethrowAsIOException(UnixException.java:107) ~[?:?]
	at sun.nio.fs.UnixFileSystemProvider.newFileChannel(UnixFileSystemProvider.java:177) ~[?:?]
	at java.nio.channels.FileChannel.open(FileChannel.java:287) ~[?:1.8.0_77]
	at java.nio.channels.FileChannel.open(FileChannel.java:335) ~[?:1.8.0_77]
	at org.elasticsearch.index.translog.ChannelFactory.open(ChannelFactory.java:33) ~[elasticsearch-5.6.3.jar:5.6.3]
	at org.elasticsearch.index.translog.TranslogWriter.create(TranslogWriter.java:92) ~[elasticsearch-5.6.3.jar:5.6.3]
	at org.elasticsearch.index.translog.Translog.createWriter(Translog.java:379) ~[elasticsearch-5.6.3.jar:5.6.3]
	at org.elasticsearch.index.translog.Translog.<init>(Translog.java:183) ~[elasticsearch-5.6.3.jar:5.6.3]
	at org.elasticsearch.index.engine.InternalEngine.openTranslog(InternalEngine.java:272) ~[elasticsearch-5.6.3.jar:5.6.3]
	at org.elasticsearch.index.engine.InternalEngine.<init>(InternalEngine.java:160) ~[elasticsearch-5.6.3.jar:5.6.3]
	at org.elasticsearch.index.engine.InternalEngineFactory.newReadWriteEngine(InternalEngineFactory.java:25) ~[elasticsearch-5.6.3.jar:5.6.3]
	at org.elasticsearch.index.shard.IndexShard.newEngine(IndexShard.java:1602) ~[elasticsearch-5.6.3.jar:5.6.3]
	at org.elasticsearch.index.shard.IndexShard.createNewEngine(IndexShard.java:1584) ~[elasticsearch-5.6.3.jar:5.6.3]
	at org.elasticsearch.index.shard.IndexShard.internalPerformTranslogRecovery(IndexShard.java:1027) ~[elasticsearch-5.6.3.jar:5.6.3]
	at org.elasticsearch.index.shard.IndexShard.performTranslogRecovery(IndexShard.java:987) ~[elasticsearch-5.6.3.jar:5.6.3]
	at org.elasticsearch.index.shard.StoreRecovery.internalRecoverFromStore(StoreRecovery.java:360) ~[elasticsearch-5.6.3.jar:5.6.3]
	at org.elasticsearch.index.shard.StoreRecovery.lambda$recoverFromStore$0(StoreRecovery.java:90) ~[elasticsearch-5.6.3.jar:5.6.3]
	at org.elasticsearch.index.shard.StoreRecovery.executeRecovery(StoreRecovery.java:257) ~[elasticsearch-5.6.3.jar:5.6.3]
	at org.elasticsearch.index.shard.StoreRecovery.recoverFromStore(StoreRecovery.java:88) ~[elasticsearch-5.6.3.jar:5.6.3]
	at org.elasticsearch.index.shard.IndexShard.recoverFromStore(IndexShard.java:1236) ~[elasticsearch-5.6.3.jar:5.6.3]
	at org.elasticsearch.index.shard.IndexShard.lambda$startRecovery$1(IndexShard.java:1484) ~[elasticsearch-5.6.3.jar:5.6.3]
	... 4 more
2018.08.10 20:08:51 WARN  es[][o.e.c.a.s.ShardStateAction] [projectmeasures][4] received shard failed for shard id [[projectmeasures][4]], allocation id [BLKnhIgqR_eDT7dgEJegCA], primary term [0], message [failed recovery], failure [RecoveryFailedException[[projectmeasures][4]: Recovery failed on {sonarqube}{2sdOxSDZSASrWBkYmYWgCg}{Hh5aNrZmT6qdZIg6IoPVNw}{127.0.0.1}{127.0.0.1:9001}{rack_id=sonarqube}]; nested: IndexShardRecoveryException[failed recovery]; nested: TranslogException[failed to create new translog file]; nested: FileAlreadyExistsException[/Users/max/Documents/sonarDirectory/officialGithub/sonarqube-6.7/data/es5/nodes/0/indices/PLOXm-__TzCNpnVI78tWOA/4/translog/translog-117.tlog]; ]
org.elasticsearch.indices.recovery.RecoveryFailedException: [projectmeasures][4]: Recovery failed on {sonarqube}{2sdOxSDZSASrWBkYmYWgCg}{Hh5aNrZmT6qdZIg6IoPVNw}{127.0.0.1}{127.0.0.1:9001}{rack_id=sonarqube}
	at org.elasticsearch.index.shard.IndexShard.lambda$startRecovery$1(IndexShard.java:1488) ~[elasticsearch-5.6.3.jar:5.6.3]
	at org.elasticsearch.common.util.concurrent.ThreadContext$ContextPreservingRunnable.run(ThreadContext.java:569) [elasticsearch-5.6.3.jar:5.6.3]
	at java.util.concurrent.ThreadPoolExecutor.runWorker(ThreadPoolExecutor.java:1142) [?:1.8.0_77]
	at java.util.concurrent.ThreadPoolExecutor$Worker.run(ThreadPoolExecutor.java:617) [?:1.8.0_77]
	at java.lang.Thread.run(Thread.java:745) [?:1.8.0_77]
Caused by: org.elasticsearch.index.shard.IndexShardRecoveryException: failed recovery
	at org.elasticsearch.index.shard.StoreRecovery.executeRecovery(StoreRecovery.java:299) ~[elasticsearch-5.6.3.jar:5.6.3]
	at org.elasticsearch.index.shard.StoreRecovery.recoverFromStore(StoreRecovery.java:88) ~[elasticsearch-5.6.3.jar:5.6.3]
	at org.elasticsearch.index.shard.IndexShard.recoverFromStore(IndexShard.java:1236) ~[elasticsearch-5.6.3.jar:5.6.3]
	at org.elasticsearch.index.shard.IndexShard.lambda$startRecovery$1(IndexShard.java:1484) ~[elasticsearch-5.6.3.jar:5.6.3]
	... 4 more
Caused by: org.elasticsearch.index.translog.TranslogException: failed to create new translog file
	at org.elasticsearch.index.translog.Translog.createWriter(Translog.java:381) ~[elasticsearch-5.6.3.jar:5.6.3]
	at org.elasticsearch.index.translog.Translog.<init>(Translog.java:183) ~[elasticsearch-5.6.3.jar:5.6.3]
	at org.elasticsearch.index.engine.InternalEngine.openTranslog(InternalEngine.java:272) ~[elasticsearch-5.6.3.jar:5.6.3]
	at org.elasticsearch.index.engine.InternalEngine.<init>(InternalEngine.java:160) ~[elasticsearch-5.6.3.jar:5.6.3]
	at org.elasticsearch.index.engine.InternalEngineFactory.newReadWriteEngine(InternalEngineFactory.java:25) ~[elasticsearch-5.6.3.jar:5.6.3]
	at org.elasticsearch.index.shard.IndexShard.newEngine(IndexShard.java:1602) ~[elasticsearch-5.6.3.jar:5.6.3]
	at org.elasticsearch.index.shard.IndexShard.createNewEngine(IndexShard.java:1584) ~[elasticsearch-5.6.3.jar:5.6.3]
	at org.elasticsearch.index.shard.IndexShard.internalPerformTranslogRecovery(IndexShard.java:1027) ~[elasticsearch-5.6.3.jar:5.6.3]
	at org.elasticsearch.index.shard.IndexShard.performTranslogRecovery(IndexShard.java:987) ~[elasticsearch-5.6.3.jar:5.6.3]
	at org.elasticsearch.index.shard.StoreRecovery.internalRecoverFromStore(StoreRecovery.java:360) ~[elasticsearch-5.6.3.jar:5.6.3]
	at org.elasticsearch.index.shard.StoreRecovery.lambda$recoverFromStore$0(StoreRecovery.java:90) ~[elasticsearch-5.6.3.jar:5.6.3]
	at org.elasticsearch.index.shard.StoreRecovery.executeRecovery(StoreRecovery.java:257) ~[elasticsearch-5.6.3.jar:5.6.3]
	at org.elasticsearch.index.shard.StoreRecovery.recoverFromStore(StoreRecovery.java:88) ~[elasticsearch-5.6.3.jar:5.6.3]
	at org.elasticsearch.index.shard.IndexShard.recoverFromStore(IndexShard.java:1236) ~[elasticsearch-5.6.3.jar:5.6.3]
	at org.elasticsearch.index.shard.IndexShard.lambda$startRecovery$1(IndexShard.java:1484) ~[elasticsearch-5.6.3.jar:5.6.3]
	... 4 more
Caused by: java.nio.file.FileAlreadyExistsException: /Users/max/Documents/sonarDirectory/officialGithub/sonarqube-6.7/data/es5/nodes/0/indices/PLOXm-__TzCNpnVI78tWOA/4/translog/translog-117.tlog
	at sun.nio.fs.UnixException.translateToIOException(UnixException.java:88) ~[?:?]
	at sun.nio.fs.UnixException.rethrowAsIOException(UnixException.java:102) ~[?:?]
	at sun.nio.fs.UnixException.rethrowAsIOException(UnixException.java:107) ~[?:?]
	at sun.nio.fs.UnixFileSystemProvider.newFileChannel(UnixFileSystemProvider.java:177) ~[?:?]
	at java.nio.channels.FileChannel.open(FileChannel.java:287) ~[?:1.8.0_77]
	at java.nio.channels.FileChannel.open(FileChannel.java:335) ~[?:1.8.0_77]
	at org.elasticsearch.index.translog.ChannelFactory.open(ChannelFactory.java:33) ~[elasticsearch-5.6.3.jar:5.6.3]
	at org.elasticsearch.index.translog.TranslogWriter.create(TranslogWriter.java:92) ~[elasticsearch-5.6.3.jar:5.6.3]
	at org.elasticsearch.index.translog.Translog.createWriter(Translog.java:379) ~[elasticsearch-5.6.3.jar:5.6.3]
	at org.elasticsearch.index.translog.Translog.<init>(Translog.java:183) ~[elasticsearch-5.6.3.jar:5.6.3]
	at org.elasticsearch.index.engine.InternalEngine.openTranslog(InternalEngine.java:272) ~[elasticsearch-5.6.3.jar:5.6.3]
	at org.elasticsearch.index.engine.InternalEngine.<init>(InternalEngine.java:160) ~[elasticsearch-5.6.3.jar:5.6.3]
	at org.elasticsearch.index.engine.InternalEngineFactory.newReadWriteEngine(InternalEngineFactory.java:25) ~[elasticsearch-5.6.3.jar:5.6.3]
	at org.elasticsearch.index.shard.IndexShard.newEngine(IndexShard.java:1602) ~[elasticsearch-5.6.3.jar:5.6.3]
	at org.elasticsearch.index.shard.IndexShard.createNewEngine(IndexShard.java:1584) ~[elasticsearch-5.6.3.jar:5.6.3]
	at org.elasticsearch.index.shard.IndexShard.internalPerformTranslogRecovery(IndexShard.java:1027) ~[elasticsearch-5.6.3.jar:5.6.3]
	at org.elasticsearch.index.shard.IndexShard.performTranslogRecovery(IndexShard.java:987) ~[elasticsearch-5.6.3.jar:5.6.3]
	at org.elasticsearch.index.shard.StoreRecovery.internalRecoverFromStore(StoreRecovery.java:360) ~[elasticsearch-5.6.3.jar:5.6.3]
	at org.elasticsearch.index.shard.StoreRecovery.lambda$recoverFromStore$0(StoreRecovery.java:90) ~[elasticsearch-5.6.3.jar:5.6.3]
	at org.elasticsearch.index.shard.StoreRecovery.executeRecovery(StoreRecovery.java:257) ~[elasticsearch-5.6.3.jar:5.6.3]
	at org.elasticsearch.index.shard.StoreRecovery.recoverFromStore(StoreRecovery.java:88) ~[elasticsearch-5.6.3.jar:5.6.3]
	at org.elasticsearch.index.shard.IndexShard.recoverFromStore(IndexShard.java:1236) ~[elasticsearch-5.6.3.jar:5.6.3]
	at org.elasticsearch.index.shard.IndexShard.lambda$startRecovery$1(IndexShard.java:1484) ~[elasticsearch-5.6.3.jar:5.6.3]
	... 4 more
2018.08.10 20:08:51 WARN  es[][o.e.c.a.s.ShardStateAction] [projectmeasures][4] received shard failed for shard id [[projectmeasures][4]], allocation id [BLKnhIgqR_eDT7dgEJegCA], primary term [0], message [master {sonarqube}{2sdOxSDZSASrWBkYmYWgCg}{Hh5aNrZmT6qdZIg6IoPVNw}{127.0.0.1}{127.0.0.1:9001}{rack_id=sonarqube} has not removed previously failed shard. resending shard failure]
2018.08.10 20:08:51 WARN  es[][o.e.c.a.s.ShardStateAction] [issues][4] received shard failed for shard id [[issues][4]], allocation id [dccy3khmSlSk7yvbVgk9Kw], primary term [0], message [master {sonarqube}{2sdOxSDZSASrWBkYmYWgCg}{Hh5aNrZmT6qdZIg6IoPVNw}{127.0.0.1}{127.0.0.1:9001}{rack_id=sonarqube} has not removed previously failed shard. resending shard failure]
2018.08.10 20:08:51 WARN  es[][o.e.c.a.s.ShardStateAction] [projectmeasures][4] received shard failed for shard id [[projectmeasures][4]], allocation id [BLKnhIgqR_eDT7dgEJegCA], primary term [0], message [master {sonarqube}{2sdOxSDZSASrWBkYmYWgCg}{Hh5aNrZmT6qdZIg6IoPVNw}{127.0.0.1}{127.0.0.1:9001}{rack_id=sonarqube} has not removed previously failed shard. resending shard failure]
2018.08.10 20:08:51 WARN  es[][o.e.c.a.s.ShardStateAction] [issues][4] received shard failed for shard id [[issues][4]], allocation id [dccy3khmSlSk7yvbVgk9Kw], primary term [0], message [master {sonarqube}{2sdOxSDZSASrWBkYmYWgCg}{Hh5aNrZmT6qdZIg6IoPVNw}{127.0.0.1}{127.0.0.1:9001}{rack_id=sonarqube} has not removed previously failed shard. resending shard failure]
2018.08.10 20:08:51 WARN  es[][o.e.i.t.Translog] deleted previously created, but not yet committed, next generation [translog-41.tlog]. This can happen due to a tragic exception when creating a new generation
2018.08.10 20:08:51 WARN  es[][o.e.i.t.Translog] deleted previously created, but not yet committed, next generation [translog-39.tlog]. This can happen due to a tragic exception when creating a new generation
2018.08.10 20:08:51 WARN  es[][o.e.i.t.Translog] deleted previously created, but not yet committed, next generation [translog-39.tlog]. This can happen due to a tragic exception when creating a new generation
2018.08.10 20:08:51 WARN  es[][o.e.i.t.Translog] deleted previously created, but not yet committed, next generation [translog-41.tlog]. This can happen due to a tragic exception when creating a new generation
2018.08.10 20:08:51 WARN  es[][o.e.i.t.Translog] deleted previously created, but not yet committed, next generation [translog-51.tlog]. This can happen due to a tragic exception when creating a new generation
2018.08.10 20:08:51 WARN  es[][o.e.i.t.Translog] deleted previously created, but not yet committed, next generation [translog-117.tlog]. This can happen due to a tragic exception when creating a new generation
2018.08.10 20:08:51 WARN  es[][o.e.i.t.Translog] deleted previously created, but not yet committed, next generation [translog-116.tlog]. This can happen due to a tragic exception when creating a new generation
2018.08.10 20:08:52 WARN  es[][o.e.i.c.IndicesClusterStateService] [[components][4]] marking and sending shard failed due to [failed recovery]
org.elasticsearch.indices.recovery.RecoveryFailedException: [components][4]: Recovery failed on {sonarqube}{2sdOxSDZSASrWBkYmYWgCg}{Hh5aNrZmT6qdZIg6IoPVNw}{127.0.0.1}{127.0.0.1:9001}{rack_id=sonarqube}
	at org.elasticsearch.index.shard.IndexShard.lambda$startRecovery$1(IndexShard.java:1488) ~[elasticsearch-5.6.3.jar:5.6.3]
	at org.elasticsearch.common.util.concurrent.ThreadContext$ContextPreservingRunnable.run(ThreadContext.java:569) [elasticsearch-5.6.3.jar:5.6.3]
	at java.util.concurrent.ThreadPoolExecutor.runWorker(ThreadPoolExecutor.java:1142) [?:1.8.0_77]
	at java.util.concurrent.ThreadPoolExecutor$Worker.run(ThreadPoolExecutor.java:617) [?:1.8.0_77]
	at java.lang.Thread.run(Thread.java:745) [?:1.8.0_77]
Caused by: org.elasticsearch.index.shard.IndexShardRecoveryException: failed recovery
	at org.elasticsearch.index.shard.StoreRecovery.executeRecovery(StoreRecovery.java:299) ~[elasticsearch-5.6.3.jar:5.6.3]
	at org.elasticsearch.index.shard.StoreRecovery.recoverFromStore(StoreRecovery.java:88) ~[elasticsearch-5.6.3.jar:5.6.3]
	at org.elasticsearch.index.shard.IndexShard.recoverFromStore(IndexShard.java:1236) ~[elasticsearch-5.6.3.jar:5.6.3]
	at org.elasticsearch.index.shard.IndexShard.lambda$startRecovery$1(IndexShard.java:1484) ~[elasticsearch-5.6.3.jar:5.6.3]
	... 4 more
Caused by: org.elasticsearch.index.translog.TranslogException: failed to create new translog file
	at org.elasticsearch.index.translog.Translog.createWriter(Translog.java:381) ~[elasticsearch-5.6.3.jar:5.6.3]
	at org.elasticsearch.index.translog.Translog.<init>(Translog.java:183) ~[elasticsearch-5.6.3.jar:5.6.3]
	at org.elasticsearch.index.engine.InternalEngine.openTranslog(InternalEngine.java:272) ~[elasticsearch-5.6.3.jar:5.6.3]
	at org.elasticsearch.index.engine.InternalEngine.<init>(InternalEngine.java:160) ~[elasticsearch-5.6.3.jar:5.6.3]
	at org.elasticsearch.index.engine.InternalEngineFactory.newReadWriteEngine(InternalEngineFactory.java:25) ~[elasticsearch-5.6.3.jar:5.6.3]
	at org.elasticsearch.index.shard.IndexShard.newEngine(IndexShard.java:1602) ~[elasticsearch-5.6.3.jar:5.6.3]
	at org.elasticsearch.index.shard.IndexShard.createNewEngine(IndexShard.java:1584) ~[elasticsearch-5.6.3.jar:5.6.3]
	at org.elasticsearch.index.shard.IndexShard.internalPerformTranslogRecovery(IndexShard.java:1027) ~[elasticsearch-5.6.3.jar:5.6.3]
	at org.elasticsearch.index.shard.IndexShard.performTranslogRecovery(IndexShard.java:987) ~[elasticsearch-5.6.3.jar:5.6.3]
	at org.elasticsearch.index.shard.StoreRecovery.internalRecoverFromStore(StoreRecovery.java:360) ~[elasticsearch-5.6.3.jar:5.6.3]
	at org.elasticsearch.index.shard.StoreRecovery.lambda$recoverFromStore$0(StoreRecovery.java:90) ~[elasticsearch-5.6.3.jar:5.6.3]
	at org.elasticsearch.index.shard.StoreRecovery.executeRecovery(StoreRecovery.java:257) ~[elasticsearch-5.6.3.jar:5.6.3]
	at org.elasticsearch.index.shard.StoreRecovery.recoverFromStore(StoreRecovery.java:88) ~[elasticsearch-5.6.3.jar:5.6.3]
	at org.elasticsearch.index.shard.IndexShard.recoverFromStore(IndexShard.java:1236) ~[elasticsearch-5.6.3.jar:5.6.3]
	at org.elasticsearch.index.shard.IndexShard.lambda$startRecovery$1(IndexShard.java:1484) ~[elasticsearch-5.6.3.jar:5.6.3]
	... 4 more
Caused by: java.nio.file.FileAlreadyExistsException: /Users/max/Documents/sonarDirectory/officialGithub/sonarqube-6.7/data/es5/nodes/0/indices/uDQYzpn5TeOO3CquBUAsGw/4/translog/translog-117.tlog
	at sun.nio.fs.UnixException.translateToIOException(UnixException.java:88) ~[?:?]
	at sun.nio.fs.UnixException.rethrowAsIOException(UnixException.java:102) ~[?:?]
	at sun.nio.fs.UnixException.rethrowAsIOException(UnixException.java:107) ~[?:?]
	at sun.nio.fs.UnixFileSystemProvider.newFileChannel(UnixFileSystemProvider.java:177) ~[?:?]
	at java.nio.channels.FileChannel.open(FileChannel.java:287) ~[?:1.8.0_77]
	at java.nio.channels.FileChannel.open(FileChannel.java:335) ~[?:1.8.0_77]
	at org.elasticsearch.index.translog.ChannelFactory.open(ChannelFactory.java:33) ~[elasticsearch-5.6.3.jar:5.6.3]
	at org.elasticsearch.index.translog.TranslogWriter.create(TranslogWriter.java:92) ~[elasticsearch-5.6.3.jar:5.6.3]
	at org.elasticsearch.index.translog.Translog.createWriter(Translog.java:379) ~[elasticsearch-5.6.3.jar:5.6.3]
	at org.elasticsearch.index.translog.Translog.<init>(Translog.java:183) ~[elasticsearch-5.6.3.jar:5.6.3]
	at org.elasticsearch.index.engine.InternalEngine.openTranslog(InternalEngine.java:272) ~[elasticsearch-5.6.3.jar:5.6.3]
	at org.elasticsearch.index.engine.InternalEngine.<init>(InternalEngine.java:160) ~[elasticsearch-5.6.3.jar:5.6.3]
	at org.elasticsearch.index.engine.InternalEngineFactory.newReadWriteEngine(InternalEngineFactory.java:25) ~[elasticsearch-5.6.3.jar:5.6.3]
	at org.elasticsearch.index.shard.IndexShard.newEngine(IndexShard.java:1602) ~[elasticsearch-5.6.3.jar:5.6.3]
	at org.elasticsearch.index.shard.IndexShard.createNewEngine(IndexShard.java:1584) ~[elasticsearch-5.6.3.jar:5.6.3]
	at org.elasticsearch.index.shard.IndexShard.internalPerformTranslogRecovery(IndexShard.java:1027) ~[elasticsearch-5.6.3.jar:5.6.3]
	at org.elasticsearch.index.shard.IndexShard.performTranslogRecovery(IndexShard.java:987) ~[elasticsearch-5.6.3.jar:5.6.3]
	at org.elasticsearch.index.shard.StoreRecovery.internalRecoverFromStore(StoreRecovery.java:360) ~[elasticsearch-5.6.3.jar:5.6.3]
	at org.elasticsearch.index.shard.StoreRecovery.lambda$recoverFromStore$0(StoreRecovery.java:90) ~[elasticsearch-5.6.3.jar:5.6.3]
	at org.elasticsearch.index.shard.StoreRecovery.executeRecovery(StoreRecovery.java:257) ~[elasticsearch-5.6.3.jar:5.6.3]
	at org.elasticsearch.index.shard.StoreRecovery.recoverFromStore(StoreRecovery.java:88) ~[elasticsearch-5.6.3.jar:5.6.3]
	at org.elasticsearch.index.shard.IndexShard.recoverFromStore(IndexShard.java:1236) ~[elasticsearch-5.6.3.jar:5.6.3]
	at org.elasticsearch.index.shard.IndexShard.lambda$startRecovery$1(IndexShard.java:1484) ~[elasticsearch-5.6.3.jar:5.6.3]
	... 4 more
2018.08.10 20:08:52 WARN  es[][o.e.c.a.s.ShardStateAction] [components][4] received shard failed for shard id [[components][4]], allocation id [gTj4KpYMQhWQXY1v1-CoOQ], primary term [0], message [failed recovery], failure [RecoveryFailedException[[components][4]: Recovery failed on {sonarqube}{2sdOxSDZSASrWBkYmYWgCg}{Hh5aNrZmT6qdZIg6IoPVNw}{127.0.0.1}{127.0.0.1:9001}{rack_id=sonarqube}]; nested: IndexShardRecoveryException[failed recovery]; nested: TranslogException[failed to create new translog file]; nested: FileAlreadyExistsException[/Users/max/Documents/sonarDirectory/officialGithub/sonarqube-6.7/data/es5/nodes/0/indices/uDQYzpn5TeOO3CquBUAsGw/4/translog/translog-117.tlog]; ]
org.elasticsearch.indices.recovery.RecoveryFailedException: [components][4]: Recovery failed on {sonarqube}{2sdOxSDZSASrWBkYmYWgCg}{Hh5aNrZmT6qdZIg6IoPVNw}{127.0.0.1}{127.0.0.1:9001}{rack_id=sonarqube}
	at org.elasticsearch.index.shard.IndexShard.lambda$startRecovery$1(IndexShard.java:1488) ~[elasticsearch-5.6.3.jar:5.6.3]
	at org.elasticsearch.common.util.concurrent.ThreadContext$ContextPreservingRunnable.run(ThreadContext.java:569) [elasticsearch-5.6.3.jar:5.6.3]
	at java.util.concurrent.ThreadPoolExecutor.runWorker(ThreadPoolExecutor.java:1142) [?:1.8.0_77]
	at java.util.concurrent.ThreadPoolExecutor$Worker.run(ThreadPoolExecutor.java:617) [?:1.8.0_77]
	at java.lang.Thread.run(Thread.java:745) [?:1.8.0_77]
Caused by: org.elasticsearch.index.shard.IndexShardRecoveryException: failed recovery
	at org.elasticsearch.index.shard.StoreRecovery.executeRecovery(StoreRecovery.java:299) ~[elasticsearch-5.6.3.jar:5.6.3]
	at org.elasticsearch.index.shard.StoreRecovery.recoverFromStore(StoreRecovery.java:88) ~[elasticsearch-5.6.3.jar:5.6.3]
	at org.elasticsearch.index.shard.IndexShard.recoverFromStore(IndexShard.java:1236) ~[elasticsearch-5.6.3.jar:5.6.3]
	at org.elasticsearch.index.shard.IndexShard.lambda$startRecovery$1(IndexShard.java:1484) ~[elasticsearch-5.6.3.jar:5.6.3]
	... 4 more
Caused by: org.elasticsearch.index.translog.TranslogException: failed to create new translog file
	at org.elasticsearch.index.translog.Translog.createWriter(Translog.java:381) ~[elasticsearch-5.6.3.jar:5.6.3]
	at org.elasticsearch.index.translog.Translog.<init>(Translog.java:183) ~[elasticsearch-5.6.3.jar:5.6.3]
	at org.elasticsearch.index.engine.InternalEngine.openTranslog(InternalEngine.java:272) ~[elasticsearch-5.6.3.jar:5.6.3]
	at org.elasticsearch.index.engine.InternalEngine.<init>(InternalEngine.java:160) ~[elasticsearch-5.6.3.jar:5.6.3]
	at org.elasticsearch.index.engine.InternalEngineFactory.newReadWriteEngine(InternalEngineFactory.java:25) ~[elasticsearch-5.6.3.jar:5.6.3]
	at org.elasticsearch.index.shard.IndexShard.newEngine(IndexShard.java:1602) ~[elasticsearch-5.6.3.jar:5.6.3]
	at org.elasticsearch.index.shard.IndexShard.createNewEngine(IndexShard.java:1584) ~[elasticsearch-5.6.3.jar:5.6.3]
	at org.elasticsearch.index.shard.IndexShard.internalPerformTranslogRecovery(IndexShard.java:1027) ~[elasticsearch-5.6.3.jar:5.6.3]
	at org.elasticsearch.index.shard.IndexShard.performTranslogRecovery(IndexShard.java:987) ~[elasticsearch-5.6.3.jar:5.6.3]
	at org.elasticsearch.index.shard.StoreRecovery.internalRecoverFromStore(StoreRecovery.java:360) ~[elasticsearch-5.6.3.jar:5.6.3]
	at org.elasticsearch.index.shard.StoreRecovery.lambda$recoverFromStore$0(StoreRecovery.java:90) ~[elasticsearch-5.6.3.jar:5.6.3]
	at org.elasticsearch.index.shard.StoreRecovery.executeRecovery(StoreRecovery.java:257) ~[elasticsearch-5.6.3.jar:5.6.3]
	at org.elasticsearch.index.shard.StoreRecovery.recoverFromStore(StoreRecovery.java:88) ~[elasticsearch-5.6.3.jar:5.6.3]
	at org.elasticsearch.index.shard.IndexShard.recoverFromStore(IndexShard.java:1236) ~[elasticsearch-5.6.3.jar:5.6.3]
	at org.elasticsearch.index.shard.IndexShard.lambda$startRecovery$1(IndexShard.java:1484) ~[elasticsearch-5.6.3.jar:5.6.3]
	... 4 more
Caused by: java.nio.file.FileAlreadyExistsException: /Users/max/Documents/sonarDirectory/officialGithub/sonarqube-6.7/data/es5/nodes/0/indices/uDQYzpn5TeOO3CquBUAsGw/4/translog/translog-117.tlog
	at sun.nio.fs.UnixException.translateToIOException(UnixException.java:88) ~[?:?]
	at sun.nio.fs.UnixException.rethrowAsIOException(UnixException.java:102) ~[?:?]
	at sun.nio.fs.UnixException.rethrowAsIOException(UnixException.java:107) ~[?:?]
	at sun.nio.fs.UnixFileSystemProvider.newFileChannel(UnixFileSystemProvider.java:177) ~[?:?]
	at java.nio.channels.FileChannel.open(FileChannel.java:287) ~[?:1.8.0_77]
	at java.nio.channels.FileChannel.open(FileChannel.java:335) ~[?:1.8.0_77]
	at org.elasticsearch.index.translog.ChannelFactory.open(ChannelFactory.java:33) ~[elasticsearch-5.6.3.jar:5.6.3]
	at org.elasticsearch.index.translog.TranslogWriter.create(TranslogWriter.java:92) ~[elasticsearch-5.6.3.jar:5.6.3]
	at org.elasticsearch.index.translog.Translog.createWriter(Translog.java:379) ~[elasticsearch-5.6.3.jar:5.6.3]
	at org.elasticsearch.index.translog.Translog.<init>(Translog.java:183) ~[elasticsearch-5.6.3.jar:5.6.3]
	at org.elasticsearch.index.engine.InternalEngine.openTranslog(InternalEngine.java:272) ~[elasticsearch-5.6.3.jar:5.6.3]
	at org.elasticsearch.index.engine.InternalEngine.<init>(InternalEngine.java:160) ~[elasticsearch-5.6.3.jar:5.6.3]
	at org.elasticsearch.index.engine.InternalEngineFactory.newReadWriteEngine(InternalEngineFactory.java:25) ~[elasticsearch-5.6.3.jar:5.6.3]
	at org.elasticsearch.index.shard.IndexShard.newEngine(IndexShard.java:1602) ~[elasticsearch-5.6.3.jar:5.6.3]
	at org.elasticsearch.index.shard.IndexShard.createNewEngine(IndexShard.java:1584) ~[elasticsearch-5.6.3.jar:5.6.3]
	at org.elasticsearch.index.shard.IndexShard.internalPerformTranslogRecovery(IndexShard.java:1027) ~[elasticsearch-5.6.3.jar:5.6.3]
	at org.elasticsearch.index.shard.IndexShard.performTranslogRecovery(IndexShard.java:987) ~[elasticsearch-5.6.3.jar:5.6.3]
	at org.elasticsearch.index.shard.StoreRecovery.internalRecoverFromStore(StoreRecovery.java:360) ~[elasticsearch-5.6.3.jar:5.6.3]
	at org.elasticsearch.index.shard.StoreRecovery.lambda$recoverFromStore$0(StoreRecovery.java:90) ~[elasticsearch-5.6.3.jar:5.6.3]
	at org.elasticsearch.index.shard.StoreRecovery.executeRecovery(StoreRecovery.java:257) ~[elasticsearch-5.6.3.jar:5.6.3]
	at org.elasticsearch.index.shard.StoreRecovery.recoverFromStore(StoreRecovery.java:88) ~[elasticsearch-5.6.3.jar:5.6.3]
	at org.elasticsearch.index.shard.IndexShard.recoverFromStore(IndexShard.java:1236) ~[elasticsearch-5.6.3.jar:5.6.3]
	at org.elasticsearch.index.shard.IndexShard.lambda$startRecovery$1(IndexShard.java:1484) ~[elasticsearch-5.6.3.jar:5.6.3]
	... 4 more
2018.08.10 20:08:52 WARN  es[][o.e.c.a.s.ShardStateAction] [components][4] received shard failed for shard id [[components][4]], allocation id [gTj4KpYMQhWQXY1v1-CoOQ], primary term [0], message [master {sonarqube}{2sdOxSDZSASrWBkYmYWgCg}{Hh5aNrZmT6qdZIg6IoPVNw}{127.0.0.1}{127.0.0.1:9001}{rack_id=sonarqube} has not removed previously failed shard. resending shard failure]
2018.08.10 20:08:52 WARN  es[][o.e.i.t.Translog] deleted previously created, but not yet committed, next generation [translog-117.tlog]. This can happen due to a tragic exception when creating a new generation
2018.08.10 20:08:52 INFO  es[][o.e.c.r.a.AllocationService] Cluster health status changed from [RED] to [GREEN] (reason: [shards started [[components][4]] ...]).
